Performing C++ SOURCE FILE Test CMAKE_HAVE_LIBC_PTHREAD failed with the following output:
Change Dir: /home/karrylee/Mycode/fl/Lib/build/CMakeFiles/CMakeTmp

Run Build Command(s):/usr/bin/make cmTC_c479c/fast && /usr/bin/make -f CMakeFiles/cmTC_c479c.dir/build.make CMakeFiles/cmTC_c479c.dir/build
make[1]: Entering directory '/home/karrylee/Mycode/fl/Lib/build/CMakeFiles/CMakeTmp'
Building CXX object CMakeFiles/cmTC_c479c.dir/src.cxx.o
/usr/bin/c++    -fPIC -DCMAKE_HAVE_LIBC_PTHREAD -fPIE   -o CMakeFiles/cmTC_c479c.dir/src.cxx.o -c /home/karrylee/Mycode/fl/Lib/build/CMakeFiles/CMakeTmp/src.cxx
Linking CXX executable cmTC_c479c
/usr/bin/cmake -E cmake_link_script CMakeFiles/cmTC_c479c.dir/link.txt --verbose=1
/usr/bin/c++   -fPIC -DCMAKE_HAVE_LIBC_PTHREAD    CMakeFiles/cmTC_c479c.dir/src.cxx.o  -o cmTC_c479c 
/usr/bin/ld: CMakeFiles/cmTC_c479c.dir/src.cxx.o: in function `main':
src.cxx:(.text+0x46): undefined reference to `pthread_create'
/usr/bin/ld: src.cxx:(.text+0x52): undefined reference to `pthread_detach'
/usr/bin/ld: src.cxx:(.text+0x63): undefined reference to `pthread_join'
collect2: error: ld returned 1 exit status
make[1]: *** [CMakeFiles/cmTC_c479c.dir/build.make:87: cmTC_c479c] Error 1
make[1]: Leaving directory '/home/karrylee/Mycode/fl/Lib/build/CMakeFiles/CMakeTmp'
make: *** [Makefile:121: cmTC_c479c/fast] Error 2


Source file was:
#include <pthread.h>

void* test_func(void* data)
{
  return data;
}

int main(void)
{
  pthread_t thread;
  pthread_create(&thread, NULL, test_func, NULL);
  pthread_detach(thread);
  pthread_join(thread, NULL);
  pthread_atfork(NULL, NULL, NULL);
  pthread_exit(NULL);

  return 0;
}

Determining if the function pthread_create exists in the pthreads failed with the following output:
Change Dir: /home/karrylee/Mycode/fl/Lib/build/CMakeFiles/CMakeTmp

Run Build Command(s):/usr/bin/make cmTC_92c4e/fast && /usr/bin/make -f CMakeFiles/cmTC_92c4e.dir/build.make CMakeFiles/cmTC_92c4e.dir/build
make[1]: Entering directory '/home/karrylee/Mycode/fl/Lib/build/CMakeFiles/CMakeTmp'
Building CXX object CMakeFiles/cmTC_92c4e.dir/CheckFunctionExists.cxx.o
/usr/bin/c++    -fPIC -DCHECK_FUNCTION_EXISTS=pthread_create -fPIE   -o CMakeFiles/cmTC_92c4e.dir/CheckFunctionExists.cxx.o -c /home/karrylee/Mycode/fl/Lib/build/CMakeFiles/CheckLibraryExists/CheckFunctionExists.cxx
Linking CXX executable cmTC_92c4e
/usr/bin/cmake -E cmake_link_script CMakeFiles/cmTC_92c4e.dir/link.txt --verbose=1
/usr/bin/c++   -fPIC -DCHECK_FUNCTION_EXISTS=pthread_create    CMakeFiles/cmTC_92c4e.dir/CheckFunctionExists.cxx.o  -o cmTC_92c4e  -lpthreads 
/usr/bin/ld: cannot find -lpthreads
collect2: error: ld returned 1 exit status
make[1]: *** [CMakeFiles/cmTC_92c4e.dir/build.make:87: cmTC_92c4e] Error 1
make[1]: Leaving directory '/home/karrylee/Mycode/fl/Lib/build/CMakeFiles/CMakeTmp'
make: *** [Makefile:121: cmTC_92c4e/fast] Error 2



